<?xml version="1.0" encoding="UTF-8"?>
<!-- Generated by org.testng.reporters.JUnitXMLReporter -->
<testsuite hostname="PG014UCR" name="Default test" tests="1" failures="0" timestamp="10 Jun 2018 05:40:12 GMT" time="0.046" errors="0">
  <testcase name="@BeforeTest onBeforeTestMobile" time="0.0" classname="runner.com.adidasHomePage.Runner_HomePageVerification">
    <failure type="org.testng.TestNGException" message="
Parameter &amp;apos;deviceID&amp;apos; is required by @Configuration on method onBeforeTestMobile but has not been marked @Optional or defined
in C:\Users\hiteshg\AppData\Local\Temp\testng-eclipse-1997542388\testng-customsuite.xml">
      <![CDATA[org.testng.TestNGException: 
Parameter 'deviceID' is required by @Configuration on method onBeforeTestMobile but has not been marked @Optional or defined
in C:\Users\hiteshg\AppData\Local\Temp\testng-eclipse-1997542388\testng-customsuite.xml
	at org.testng.internal.Parameters.createParameters(Parameters.java:154)
	at org.testng.internal.Parameters.createParameters(Parameters.java:361)
	at org.testng.internal.Parameters.createConfigurationParameters(Parameters.java:84)
	at org.testng.internal.Invoker.invokeConfigurations(Invoker.java:197)
	at org.testng.internal.Invoker.invokeConfigurations(Invoker.java:138)
	at org.testng.TestRunner.beforeRun(TestRunner.java:648)
	at org.testng.TestRunner.run(TestRunner.java:616)
	at org.testng.SuiteRunner.runTest(SuiteRunner.java:359)
	at org.testng.SuiteRunner.runSequentially(SuiteRunner.java:354)
	at org.testng.SuiteRunner.privateRun(SuiteRunner.java:312)
	at org.testng.SuiteRunner.run(SuiteRunner.java:261)
	at org.testng.SuiteRunnerWorker.runSuite(SuiteRunnerWorker.java:52)
	at org.testng.SuiteRunnerWorker.run(SuiteRunnerWorker.java:86)
	at org.testng.TestNG.runSuitesSequentially(TestNG.java:1191)
	at org.testng.TestNG.runSuitesLocally(TestNG.java:1116)
	at org.testng.TestNG.run(TestNG.java:1024)
	at org.testng.remote.AbstractRemoteTestNG.run(AbstractRemoteTestNG.java:114)
	at org.testng.remote.RemoteTestNG.initAndRun(RemoteTestNG.java:251)
	at org.testng.remote.RemoteTestNG.main(RemoteTestNG.java:77)
]]>
    </failure>
  </testcase> <!-- @BeforeTest onBeforeTestMobile -->
  <testcase name="@AfterTest afterTest" time="0.0" classname="runner.com.adidasHomePage.Runner_HomePageVerification">
    <skipped/>
  </testcase> <!-- @AfterTest afterTest -->
  <testcase name="runCukes" time="0.002" classname="runner.com.adidasHomePage.Runner_HomePageVerification">
    <skipped/>
  </testcase> <!-- runCukes -->
</testsuite> <!-- Default test -->
