<?xml version="1.0" encoding="UTF-8"?>
<!-- Generated by org.testng.reporters.JUnitXMLReporter -->
<testsuite hostname="PG014UCR" name="Samsung7" tests="1" failures="1" timestamp="9 Jun 2018 08:52:29 GMT" time="37.389" errors="0">
  <testcase name="@AfterTest afterTest" time="0.0" classname="runner.com.adidasHomePage.Runner_HomePageVerification">
    <failure type="java.lang.NullPointerException">
      <![CDATA[java.lang.NullPointerException
	at com.cucumber.framework.utility.ActionAfterClass.actionAfterTest(ActionAfterClass.java:34)
	at runner.com.adidasHomePage.Runner_HomePageVerification.afterTest(Runner_HomePageVerification.java:71)
... Removed 22 stack frames]]>
    </failure>
  </testcase> <!-- @AfterTest afterTest -->
  <testcase name="runCukes" time="37.361" classname="runner.com.adidasHomePage.Runner_HomePageVerification">
    <failure type="cucumber.runtime.CucumberException" message="java.lang.NullPointerException">
      <![CDATA[cucumber.runtime.CucumberException: java.lang.NullPointerException
	at cucumber.api.testng.TestNGCucumberRunner.runCukes(TestNGCucumberRunner.java:57)
	at runner.com.adidasHomePage.Runner_HomePageVerification.runCukes(Runner_HomePageVerification.java:118)
Caused by: java.lang.NullPointerException
	at com.cucumber.framework.pageobject.PG_HomePage.verifyHomePage(PG_HomePage.java:76)
	at com.cucumber.framework.stepdefinition.HomePage.TC_01_HomePageDisplayVerification.user_verifies_home_page_is_displayed(TC_01_HomePageDisplayVerification.java:27)
	at âœ½.Then user verifies home page is displayed(featurefile/AdidasHomePage/HomePage.feature:31)
... Removed 24 stack frames]]>
    </failure>
  </testcase> <!-- runCukes -->
</testsuite> <!-- Samsung7 -->
