<?xml version="1.0" encoding="UTF-8"?>
<!-- Generated by org.testng.reporters.JUnitReportReporter -->
<testsuite hostname="PG014UCR" name="runner.com.MYMenProductPage.Runner_MenProductVerification" tests="1" failures="0" timestamp="14 Jun 2018 12:30:04 GMT" time="44.729" errors="1">
  <testcase name="runCukes" time="44.729" classname="runner.com.MYMenProductPage.Runner_MenProductVerification">
    <error type="cucumber.runtime.CucumberException" message="org.openqa.selenium.WebDriverException: unknown error: unknown sessionId
  (Session info: chrome=66.0.3359.158)
  (Driver info: chromedriver=2.36.540470 (e522d04694c7ebea4ba8821272dbef4f9b818c91),platform=Windows NT 10.0.16299 x86_64) (WARNING: The server did not provide any stacktrace information)
Command duration or timeout: 0 milliseconds
Build info: version: &#039;3.6.0&#039;, revision: &#039;6fbf3ec767&#039;, time: &#039;2017-09-27T15:28:36.4Z&#039;
System info: host: &#039;PG014UCR&#039;, ip: &#039;10.31.42.207&#039;, os.name: &#039;Windows 10&#039;, os.arch: &#039;amd64&#039;, os.version: &#039;10.0&#039;, java.version: &#039;1.8.0_60&#039;
Driver info: io.appium.java_client.AppiumDriver
Capabilities [{no=true, deviceScreenSize=1080x1920, networkConnectionEnabled=true, warnings={}, pageLoadStrategy=none, databaseEnabled=false, version=7.0, deviceName=42003a0fd3148479, platform=ANDROID, deviceUDID=42003a0fd3148479, desired={no=true, browserName=chrome, pageLoadStrategy=none, platformName=Android, udid=42003a0fd3148479, version=7.0, deviceName=My Phone, platform=ANDROID, applicationName=Samsung S4}, platformVersion=7.0, webStorageEnabled=false, locationContextEnabled=false, takesScreenshot=true, browserName=chrome, javascriptEnabled=true, deviceModel=SM-G615F, udid=42003a0fd3148479, deviceManufacturer=samsung, platformName=ANDROID, applicationName=Samsung S4}]
Session ID: 4601d67a-3195-4a02-84fb-594047cfe0e3
*** Element info: {Using=xpath, value=//span[text()=&#039;Clothing&#039;]}">
      <![CDATA[cucumber.runtime.CucumberException: org.openqa.selenium.WebDriverException: unknown error: unknown sessionId
  (Session info: chrome=66.0.3359.158)
  (Driver info: chromedriver=2.36.540470 (e522d04694c7ebea4ba8821272dbef4f9b818c91),platform=Windows NT 10.0.16299 x86_64) (WARNING: The server did not provide any stacktrace information)
Command duration or timeout: 0 milliseconds
Build info: version: '3.6.0', revision: '6fbf3ec767', time: '2017-09-27T15:28:36.4Z'
System info: host: 'PG014UCR', ip: '10.31.42.207', os.name: 'Windows 10', os.arch: 'amd64', os.version: '10.0', java.version: '1.8.0_60'
Driver info: io.appium.java_client.AppiumDriver
Capabilities [{no=true, deviceScreenSize=1080x1920, networkConnectionEnabled=true, warnings={}, pageLoadStrategy=none, databaseEnabled=false, version=7.0, deviceName=42003a0fd3148479, platform=ANDROID, deviceUDID=42003a0fd3148479, desired={no=true, browserName=chrome, pageLoadStrategy=none, platformName=Android, udid=42003a0fd3148479, version=7.0, deviceName=My Phone, platform=ANDROID, applicationName=Samsung S4}, platformVersion=7.0, webStorageEnabled=false, locationContextEnabled=false, takesScreenshot=true, browserName=chrome, javascriptEnabled=true, deviceModel=SM-G615F, udid=42003a0fd3148479, deviceManufacturer=samsung, platformName=ANDROID, applicationName=Samsung S4}]
Session ID: 4601d67a-3195-4a02-84fb-594047cfe0e3
*** Element info: {Using=xpath, value=//span[text()='Clothing']}
	at cucumber.api.testng.TestNGCucumberRunner.runCukes(TestNGCucumberRunner.java:57)
	at runner.com.MYMenProductPage.Runner_MenProductVerification.runCukes(Runner_MenProductVerification.java:101)
	at sun.reflect.NativeMethodAccessorImpl.invoke0(Native Method)
	at sun.reflect.NativeMethodAccessorImpl.invoke(Unknown Source)
	at sun.reflect.DelegatingMethodAccessorImpl.invoke(Unknown Source)
	at java.lang.reflect.Method.invoke(Unknown Source)
	at org.testng.internal.MethodInvocationHelper.invokeMethod(MethodInvocationHelper.java:85)
	at org.testng.internal.Invoker.invokeMethod(Invoker.java:639)
	at org.testng.internal.Invoker.invokeTestMethod(Invoker.java:816)
	at org.testng.internal.Invoker.invokeTestMethods(Invoker.java:1124)
	at org.testng.internal.TestMethodWorker.invokeTestMethods(TestMethodWorker.java:125)
	at org.testng.internal.TestMethodWorker.run(TestMethodWorker.java:108)
	at org.testng.TestRunner.privateRun(TestRunner.java:774)
	at org.testng.TestRunner.run(TestRunner.java:624)
	at org.testng.SuiteRunner.runTest(SuiteRunner.java:359)
	at org.testng.SuiteRunner.runSequentially(SuiteRunner.java:354)
	at org.testng.SuiteRunner.privateRun(SuiteRunner.java:312)
	at org.testng.SuiteRunner.run(SuiteRunner.java:261)
	at org.testng.SuiteRunnerWorker.runSuite(SuiteRunnerWorker.java:52)
	at org.testng.SuiteRunnerWorker.run(SuiteRunnerWorker.java:86)
	at org.testng.TestNG.runSuitesSequentially(TestNG.java:1191)
	at org.testng.TestNG.runSuitesLocally(TestNG.java:1116)
	at org.testng.TestNG.run(TestNG.java:1024)
	at org.testng.remote.AbstractRemoteTestNG.run(AbstractRemoteTestNG.java:114)
	at org.testng.remote.RemoteTestNG.initAndRun(RemoteTestNG.java:251)
	at org.testng.remote.RemoteTestNG.main(RemoteTestNG.java:77)
Caused by: org.openqa.selenium.WebDriverException: unknown error: unknown sessionId
  (Session info: chrome=66.0.3359.158)
  (Driver info: chromedriver=2.36.540470 (e522d04694c7ebea4ba8821272dbef4f9b818c91),platform=Windows NT 10.0.16299 x86_64) (WARNING: The server did not provide any stacktrace information)
Command duration or timeout: 0 milliseconds
Build info: version: '3.6.0', revision: '6fbf3ec767', time: '2017-09-27T15:28:36.4Z'
System info: host: 'PG014UCR', ip: '10.31.42.207', os.name: 'Windows 10', os.arch: 'amd64', os.version: '10.0', java.version: '1.8.0_60'
Driver info: io.appium.java_client.AppiumDriver
Capabilities [{no=true, deviceScreenSize=1080x1920, networkConnectionEnabled=true, warnings={}, pageLoadStrategy=none, databaseEnabled=false, version=7.0, deviceName=42003a0fd3148479, platform=ANDROID, deviceUDID=42003a0fd3148479, desired={no=true, browserName=chrome, pageLoadStrategy=none, platformName=Android, udid=42003a0fd3148479, version=7.0, deviceName=My Phone, platform=ANDROID, applicationName=Samsung S4}, platformVersion=7.0, webStorageEnabled=false, locationContextEnabled=false, takesScreenshot=true, browserName=chrome, javascriptEnabled=true, deviceModel=SM-G615F, udid=42003a0fd3148479, deviceManufacturer=samsung, platformName=ANDROID, applicationName=Samsung S4}]
Session ID: 4601d67a-3195-4a02-84fb-594047cfe0e3
*** Element info: {Using=xpath, value=//span[text()='Clothing']}
	at sun.reflect.NativeConstructorAccessorImpl.newInstance0(Native Method)
	at sun.reflect.NativeConstructorAccessorImpl.newInstance(Unknown Source)
	at sun.reflect.DelegatingConstructorAccessorImpl.newInstance(Unknown Source)
	at java.lang.reflect.Constructor.newInstance(Unknown Source)
	at org.openqa.selenium.remote.ErrorHandler.createThrowable(ErrorHandler.java:214)
	at org.openqa.selenium.remote.ErrorHandler.throwIfResponseFailed(ErrorHandler.java:166)
	at org.openqa.selenium.remote.http.JsonHttpResponseCodec.reconstructValue(JsonHttpResponseCodec.java:40)
	at org.openqa.selenium.remote.http.AbstractHttpResponseCodec.decode(AbstractHttpResponseCodec.java:82)
	at org.openqa.selenium.remote.http.AbstractHttpResponseCodec.decode(AbstractHttpResponseCodec.java:45)
	at org.openqa.selenium.remote.HttpCommandExecutor.execute(HttpCommandExecutor.java:164)
	at io.appium.java_client.remote.AppiumCommandExecutor.execute(AppiumCommandExecutor.java:89)
	at org.openqa.selenium.remote.RemoteWebDriver.execute(RemoteWebDriver.java:586)
	at io.appium.java_client.DefaultGenericMobileDriver.execute(DefaultGenericMobileDriver.java:42)
	at io.appium.java_client.AppiumDriver.execute(AppiumDriver.java:1)
	at org.openqa.selenium.remote.RemoteWebDriver.findElement(RemoteWebDriver.java:356)
	at io.appium.java_client.DefaultGenericMobileDriver.findElement(DefaultGenericMobileDriver.java:62)
	at io.appium.java_client.AppiumDriver.findElement(AppiumDriver.java:1)
	at org.openqa.selenium.remote.RemoteWebDriver.findElementByXPath(RemoteWebDriver.java:458)
	at io.appium.java_client.DefaultGenericMobileDriver.findElementByXPath(DefaultGenericMobileDriver.java:140)
	at io.appium.java_client.AppiumDriver.findElementByXPath(AppiumDriver.java:1)
	at org.openqa.selenium.By$ByXPath.findElement(By.java:361)
	at org.openqa.selenium.remote.RemoteWebDriver.findElement(RemoteWebDriver.java:348)
	at io.appium.java_client.DefaultGenericMobileDriver.findElement(DefaultGenericMobileDriver.java:58)
	at io.appium.java_client.AppiumDriver.findElement(AppiumDriver.java:1)
	at org.openqa.selenium.support.pagefactory.DefaultElementLocator.findElement(DefaultElementLocator.java:69)
	at org.openqa.selenium.support.pagefactory.internal.LocatingElementHandler.invoke(LocatingElementHandler.java:38)
	at com.sun.proxy.$Proxy22.isDisplayed(Unknown Source)
	at org.openqa.selenium.support.ui.ExpectedConditions.elementIfVisible(ExpectedConditions.java:301)
	at org.openqa.selenium.support.ui.ExpectedConditions.access$100(ExpectedConditions.java:43)
	at org.openqa.selenium.support.ui.ExpectedConditions$10.apply(ExpectedConditions.java:287)
	at org.openqa.selenium.support.ui.ExpectedConditions$10.apply(ExpectedConditions.java:284)
	at org.openqa.selenium.support.ui.ExpectedConditions$23.apply(ExpectedConditions.java:672)
	at org.openqa.selenium.support.ui.ExpectedConditions$23.apply(ExpectedConditions.java:668)
	at org.openqa.selenium.support.ui.FluentWait.until(FluentWait.java:208)
	at com.cucumber.framework.Helper.Wait.WaitHelper.waitForElement(WaitHelper.java:50)
	at com.cucumber.framework.pageobject.PG_MY_MenProductPage.<init>(PG_MY_MenProductPage.java:38)
	at com.cucumber.framework.stepdefinition.MenProdPage.TC_001_MenProductPageVerification.click_on_Men_button(TC_001_MenProductPageVerification.java:50)
	at âœ½.Then click on Men button(featurefile/MYT_MenProductPage/MYT_MenProductVerifcation.feature:42)
]]>
    </error>
  </testcase> <!-- runCukes -->
</testsuite> <!-- runner.com.MYMenProductPage.Runner_MenProductVerification -->
